[2022-08-09T17:52:13.013Z] [com.example.bosonit.Ejercicio10.Controller] [http-nio-8080-exec-4] [21] [WARN ] WARN LOG
[2022-08-09T17:52:18.018Z] [com.example.bosonit.Ejercicio10.Controller] [http-nio-8080-exec-5] [27] [ERROR] ERROR LOG
[2022-08-09T17:52:53.053Z] [com.example.bosonit.Ejercicio10.Controller] [http-nio-8080-exec-2] [27] [ERROR] ERROR LOG
[2022-08-09T17:52:57.057Z] [com.example.bosonit.Ejercicio10.Controller] [http-nio-8080-exec-4] [27] [ERROR] ERROR LOG
[2022-08-10T10:38:34.034Z] [org.springframework.boot.SpringApplication] [main] [824] [ERROR] Application run failed
java.lang.IllegalStateException: java.lang.IllegalStateException: Logback configuration error detected: 
ERROR in ch.qos.logback.core.joran.action.NestedComplexPropertyIA - Could not create component [filter] of type [com.tedblob.logback.multiplelog.CustomFilter] java.lang.ClassNotFoundException: com.tedblob.logback.multiplelog.CustomFilter
ERROR in ch.qos.logback.core.joran.spi.Interpreter@15:20 - no applicable action for [level], current ElementPath  is [[configuration][appender][filter][level]]
	at org.springframework.boot.context.logging.LoggingApplicationListener.initializeSystem(LoggingApplicationListener.java:328)
	at org.springframework.boot.context.logging.LoggingApplicationListener.initialize(LoggingApplicationListener.java:282)
	at org.springframework.boot.context.logging.LoggingApplicationListener.onApplicationEnvironmentPreparedEvent(LoggingApplicationListener.java:240)
	at org.springframework.boot.context.logging.LoggingApplicationListener.onApplicationEvent(LoggingApplicationListener.java:216)
	at org.springframework.context.event.SimpleApplicationEventMulticaster.doInvokeListener(SimpleApplicationEventMulticaster.java:176)
	at org.springframework.context.event.SimpleApplicationEventMulticaster.invokeListener(SimpleApplicationEventMulticaster.java:169)
	at org.springframework.context.event.SimpleApplicationEventMulticaster.multicastEvent(SimpleApplicationEventMulticaster.java:143)
	at org.springframework.context.event.SimpleApplicationEventMulticaster.multicastEvent(SimpleApplicationEventMulticaster.java:131)
	at org.springframework.boot.context.event.EventPublishingRunListener.environmentPrepared(EventPublishingRunListener.java:85)
	at org.springframework.boot.SpringApplicationRunListeners.lambda$environmentPrepared$2(SpringApplicationRunListeners.java:66)
	at java.base/java.util.ArrayList.forEach(ArrayList.java:1511)
	at org.springframework.boot.SpringApplicationRunListeners.doWithListeners(SpringApplicationRunListeners.java:120)
	at org.springframework.boot.SpringApplicationRunListeners.doWithListeners(SpringApplicationRunListeners.java:114)
	at org.springframework.boot.SpringApplicationRunListeners.environmentPrepared(SpringApplicationRunListeners.java:65)
	at org.springframework.boot.SpringApplication.prepareEnvironment(SpringApplication.java:344)
	at org.springframework.boot.SpringApplication.run(SpringApplication.java:302)
	at org.springframework.boot.SpringApplication.run(SpringApplication.java:1306)
	at org.springframework.boot.SpringApplication.run(SpringApplication.java:1295)
	at com.example.bosonit.Ejercicio10.Ejercicio10Application.main(Ejercicio10Application.java:10)
Caused by: java.lang.IllegalStateException: Logback configuration error detected: 
ERROR in ch.qos.logback.core.joran.action.NestedComplexPropertyIA - Could not create component [filter] of type [com.tedblob.logback.multiplelog.CustomFilter] java.lang.ClassNotFoundException: com.tedblob.logback.multiplelog.CustomFilter
ERROR in ch.qos.logback.core.joran.spi.Interpreter@15:20 - no applicable action for [level], current ElementPath  is [[configuration][appender][filter][level]]
	at org.springframework.boot.logging.logback.LogbackLoggingSystem.loadConfiguration(LogbackLoggingSystem.java:179)
	at org.springframework.boot.logging.AbstractLoggingSystem.initializeWithConventions(AbstractLoggingSystem.java:80)
	at org.springframework.boot.logging.AbstractLoggingSystem.initialize(AbstractLoggingSystem.java:60)
	at org.springframework.boot.logging.logback.LogbackLoggingSystem.initialize(LogbackLoggingSystem.java:132)
	at org.springframework.boot.context.logging.LoggingApplicationListener.initializeSystem(LoggingApplicationListener.java:313)
	... 18 common frames omitted
[2022-08-10T10:39:23.023Z] [org.springframework.boot.SpringApplication] [main] [824] [ERROR] Application run failed
java.lang.IllegalStateException: java.lang.IllegalStateException: Logback configuration error detected: 
ERROR in ch.qos.logback.core.joran.action.NestedComplexPropertyIA - Could not create component [filter] of type [com.tedblob.logback.multiplelog.CustomFilter] java.lang.ClassNotFoundException: com.tedblob.logback.multiplelog.CustomFilter
ERROR in ch.qos.logback.core.joran.spi.Interpreter@12:20 - no applicable action for [level], current ElementPath  is [[configuration][appender][filter][level]]
	at org.springframework.boot.context.logging.LoggingApplicationListener.initializeSystem(LoggingApplicationListener.java:328)
	at org.springframework.boot.context.logging.LoggingApplicationListener.initialize(LoggingApplicationListener.java:282)
	at org.springframework.boot.context.logging.LoggingApplicationListener.onApplicationEnvironmentPreparedEvent(LoggingApplicationListener.java:240)
	at org.springframework.boot.context.logging.LoggingApplicationListener.onApplicationEvent(LoggingApplicationListener.java:216)
	at org.springframework.context.event.SimpleApplicationEventMulticaster.doInvokeListener(SimpleApplicationEventMulticaster.java:176)
	at org.springframework.context.event.SimpleApplicationEventMulticaster.invokeListener(SimpleApplicationEventMulticaster.java:169)
	at org.springframework.context.event.SimpleApplicationEventMulticaster.multicastEvent(SimpleApplicationEventMulticaster.java:143)
	at org.springframework.context.event.SimpleApplicationEventMulticaster.multicastEvent(SimpleApplicationEventMulticaster.java:131)
	at org.springframework.boot.context.event.EventPublishingRunListener.environmentPrepared(EventPublishingRunListener.java:85)
	at org.springframework.boot.SpringApplicationRunListeners.lambda$environmentPrepared$2(SpringApplicationRunListeners.java:66)
	at java.base/java.util.ArrayList.forEach(ArrayList.java:1511)
	at org.springframework.boot.SpringApplicationRunListeners.doWithListeners(SpringApplicationRunListeners.java:120)
	at org.springframework.boot.SpringApplicationRunListeners.doWithListeners(SpringApplicationRunListeners.java:114)
	at org.springframework.boot.SpringApplicationRunListeners.environmentPrepared(SpringApplicationRunListeners.java:65)
	at org.springframework.boot.SpringApplication.prepareEnvironment(SpringApplication.java:344)
	at org.springframework.boot.SpringApplication.run(SpringApplication.java:302)
	at org.springframework.boot.SpringApplication.run(SpringApplication.java:1306)
	at org.springframework.boot.SpringApplication.run(SpringApplication.java:1295)
	at com.example.bosonit.Ejercicio10.Ejercicio10Application.main(Ejercicio10Application.java:10)
Caused by: java.lang.IllegalStateException: Logback configuration error detected: 
ERROR in ch.qos.logback.core.joran.action.NestedComplexPropertyIA - Could not create component [filter] of type [com.tedblob.logback.multiplelog.CustomFilter] java.lang.ClassNotFoundException: com.tedblob.logback.multiplelog.CustomFilter
ERROR in ch.qos.logback.core.joran.spi.Interpreter@12:20 - no applicable action for [level], current ElementPath  is [[configuration][appender][filter][level]]
	at org.springframework.boot.logging.logback.LogbackLoggingSystem.loadConfiguration(LogbackLoggingSystem.java:179)
	at org.springframework.boot.logging.AbstractLoggingSystem.initializeWithConventions(AbstractLoggingSystem.java:80)
	at org.springframework.boot.logging.AbstractLoggingSystem.initialize(AbstractLoggingSystem.java:60)
	at org.springframework.boot.logging.logback.LogbackLoggingSystem.initialize(LogbackLoggingSystem.java:132)
	at org.springframework.boot.context.logging.LoggingApplicationListener.initializeSystem(LoggingApplicationListener.java:313)
	... 18 common frames omitted
[2022-08-10T10:39:44.044Z] [com.example.bosonit.Ejercicio10.Controller] [http-nio-8080-exec-3] [21] [WARN ] WARN LOG
[2022-08-10T10:39:44.044Z] [com.example.bosonit.Ejercicio10.Controller] [http-nio-8080-exec-4] [27] [ERROR] ERROR LOG
[2022-08-10T10:39:46.046Z] [com.example.bosonit.Ejercicio10.Controller] [http-nio-8080-exec-2] [21] [WARN ] WARN LOG
[2022-08-10T10:39:46.046Z] [com.example.bosonit.Ejercicio10.Controller] [http-nio-8080-exec-5] [27] [ERROR] ERROR LOG
[2022-08-10T11:16:13.013Z] [com.example.bosonit.Ejercicio10.Controller] [http-nio-8080-exec-1] [21] [WARN ] WARN LOG
[2022-08-10T11:16:21.021Z] [com.example.bosonit.Ejercicio10.Controller] [http-nio-8080-exec-7] [21] [WARN ] WARN LOG
[2022-08-10T11:16:26.026Z] [com.example.bosonit.Ejercicio10.Controller] [http-nio-8080-exec-3] [27] [ERROR] ERROR LOG
[2022-08-10T11:17:21.021Z] [com.example.bosonit.Ejercicio10.Controller] [http-nio-8080-exec-3] [27] [ERROR] ERROR LOG
[2022-08-10T11:17:25.025Z] [com.example.bosonit.Ejercicio10.Controller] [http-nio-8080-exec-1] [27] [ERROR] ERROR LOG
[2022-08-10T11:17:29.029Z] [com.example.bosonit.Ejercicio10.Controller] [http-nio-8080-exec-6] [21] [WARN ] WARN LOG
